#
# A fatal error has been detected by the Java Runtime Environment:
#
#  SIGSEGV (0xb) at pc=0x000000010c0456b6, pid=809, tid=0x0000000000004803
#
# JRE version: Java(TM) SE Runtime Environment (8.0_111-b14) (build 1.8.0_111-b14)
# Java VM: Java HotSpot(TM) 64-Bit Server VM (25.111-b14 mixed mode bsd-amd64 compressed oops)
# Problematic frame:
# V  [libjvm.dylib+0x686b6]
#
# Failed to write core dump. Core dumps have been disabled. To enable core dumping, try "ulimit -c unlimited" before starting Java again
#
# If you would like to submit a bug report, please visit:
#   http://bugreport.java.com/bugreport/crash.jsp
#

---------------  T H R E A D  ---------------

Current thread (0x00007fd01189f800):  JavaThread "C2 CompilerThread1" daemon [_thread_in_native, id=18435, stack(0x0000700000dc4000,0x0000700000ec4000)]

siginfo: si_signo: 11 (SIGSEGV), si_code: 1 (SEGV_MAPERR), si_addr: 0x00007fd0103ffff8

Registers:
RAX=0x00007fd0116ceb58, RBX=0x0000000000000000, RCX=0x0000000000000003, RDX=0x00007fd010400000
RSP=0x0000700000ebcca0, RBP=0x0000700000ebcca0, RSI=0x00007fd01287ae40, RDI=0x00007fd011606898
R8 =0x00007fd012877998, R9 =0x00007fd0116cffa8, R10=0x00007fd015886c40, R11=0x0000000000000002
R12=0x0000000000000001, R13=0x0000000000000003, R14=0x00007fd01287ae40, R15=0x0000000000000003
RIP=0x000000010c0456b6, EFLAGS=0x0000000000010202, ERR=0x0000000000000004
  TRAPNO=0x000000000000000e

Top of Stack: (sp=0x0000700000ebcca0)
0x0000700000ebcca0:   0000700000ebccc0 000000010c44ad74
0x0000700000ebccb0:   00007fd01287ae40 0000700000ec0e18
0x0000700000ebccc0:   0000700000ebcd30 000000010c490d1b
0x0000700000ebccd0:   000000000000000e 0000700000ec0e18
0x0000700000ebcce0:   00007fd01287acc0 010000000000000e
0x0000700000ebccf0:   0000700000ec17a0 00007fd011606898
0x0000700000ebcd00:   00007fd0116d0370 00007fd011606898
0x0000700000ebcd10:   0000700000ec0e18 00007fd0116d0280
0x0000700000ebcd20:   0000700000ec0e18 00007fd0116d0370
0x0000700000ebcd30:   0000700000ebcd90 000000010c3c7ad1
0x0000700000ebcd40:   0000700000ebcd50 00007fd0116d0370
0x0000700000ebcd50:   00007fd011606898 00007fd0116d0280
0x0000700000ebcd60:   00007fd0116ced90 0000700000ebce20
0x0000700000ebcd70:   0000700000ec0e01 0000000000000000
0x0000700000ebcd80:   0000000000000002 0000000000000001
0x0000700000ebcd90:   0000700000ebcdc0 000000010c3ca06e
0x0000700000ebcda0:   0000700000ebce20 0000700000ec0e18
0x0000700000ebcdb0:   0000700000ebce20 0000700000ebd898
0x0000700000ebcdc0:   0000700000ebce10 000000010c3cd0f6
0x0000700000ebcdd0:   00007fd012840540 00007fd012843be8
0x0000700000ebcde0:   0000700000ebce20 0000700000ec2f80
0x0000700000ebcdf0:   0000700000ec0e18 0000000000000000
0x0000700000ebce00:   0000700000ebce20 0000700000ebd898
0x0000700000ebce10:   0000700000ec2340 000000010c18cdd4
0x0000700000ebce20:   000000000000000f 0000700000ec2f80
0x0000700000ebce30:   0000700000ec0e18 00007fd0116d0280
0x0000700000ebce40:   0000000000000000 0000000000000000
0x0000700000ebce50:   0000000000000000 0000000000000000
0x0000700000ebce60:   00007fd0116d0370 0000000000000000
0x0000700000ebce70:   0000000000000000 0000000000000000
0x0000700000ebce80:   000000010c7fa250 000000000000000e
0x0000700000ebce90:   0000700000ec2f80 00007fd01061d350 

Instructions: (pc=0x000000010c0456b6)
0x000000010c045696:   c7 05 64 22 87 00 ff ff ff ff 5d c3 55 48 89 e5
0x000000010c0456a6:   48 8b 47 10 48 85 c0 74 1d 8b 4f 20 48 8d 14 c8
0x000000010c0456b6:   48 39 72 f8 48 8d 52 f8 75 f6 ff c9 89 4f 20 48
0x000000010c0456c6:   8b 04 c8 48 89 02 5d c3 55 48 89 e5 48 8b 47 38 

Register to memory mapping:

RAX=0x00007fd0116ceb58 is an unknown value
RBX=0x0000000000000000 is an unknown value
RCX=0x0000000000000003 is an unknown value
RDX=0x00007fd010400000 is an unknown value
RSP=0x0000700000ebcca0 is pointing into the stack for thread: 0x00007fd01189f800
RBP=0x0000700000ebcca0 is pointing into the stack for thread: 0x00007fd01189f800
RSI=0x00007fd01287ae40 is an unknown value
RDI=0x00007fd011606898 is an unknown value
R8 =0x00007fd012877998 is an unknown value
R9 =0x00007fd0116cffa8 is an unknown value
R10=0x00007fd015886c40 is an unknown value
R11=0x0000000000000002 is an unknown value
R12=0x0000000000000001 is an unknown value
R13=0x0000000000000003 is an unknown value
R14=0x00007fd01287ae40 is an unknown value
R15=0x0000000000000003 is an unknown value


Stack: [0x0000700000dc4000,0x0000700000ec4000],  sp=0x0000700000ebcca0,  free space=995k
Native frames: (J=compiled Java code, j=interpreted, Vv=VM code, C=native code)
V  [libjvm.dylib+0x686b6]
V  [libjvm.dylib+0x46dd74]
V  [libjvm.dylib+0x4b3d1b]
V  [libjvm.dylib+0x3eaad1]
V  [libjvm.dylib+0x3ed06e]
V  [libjvm.dylib+0x3f00f6]
V  [libjvm.dylib+0x1afdd4]
V  [libjvm.dylib+0x1b2c0c]
V  [libjvm.dylib+0x1503ae]
V  [libjvm.dylib+0x1b6340]
V  [libjvm.dylib+0x1b8887]
V  [libjvm.dylib+0x56a27b]
V  [libjvm.dylib+0x56b968]
V  [libjvm.dylib+0x489b0a]
C  [libsystem_pthread.dylib+0x399d]  _pthread_body+0x83
C  [libsystem_pthread.dylib+0x391a]  _pthread_body+0x0
C  [libsystem_pthread.dylib+0x1351]  thread_start+0xd
C  0x0000000000000000


Current CompileTask:
C2:  54986 2117  s    4       sun.font.CCharToGlyphMapper$Cache::get (374 bytes)


---------------  P R O C E S S  ---------------

Java Threads: ( => current thread )
  0x00007fd01115b000 JavaThread "TimerQueue" daemon [_thread_blocked, id=58755, stack(0x0000700001765000,0x0000700001865000)]
  0x00007fd011ee9000 JavaThread "DestroyJavaVM" [_thread_blocked, id=4099, stack(0x0000700000084000,0x0000700000184000)]
  0x00007fd011396000 JavaThread "AWT-EventQueue-0" [_thread_blocked, id=53763, stack(0x00007000015df000,0x00007000016df000)]
  0x00007fd0114a0000 JavaThread "Java2D Disposer" daemon [_thread_blocked, id=53255, stack(0x00007000014dc000,0x00007000015dc000)]
  0x00007fd010e0a800 JavaThread "Java2D Queue Flusher" daemon [_thread_blocked, id=50439, stack(0x00007000013d9000,0x00007000014d9000)]
  0x00007fd010c56000 JavaThread "AWT-Shutdown" [_thread_blocked, id=28699, stack(0x0000700001253000,0x0000700001353000)]
  0x00007fd012047800 JavaThread "AppKit Thread" daemon [_thread_in_native, id=2571, stack(0x00007fff5369f000,0x00007fff53e9f000)]
  0x00007fd0118a9800 JavaThread "Service Thread" daemon [_thread_blocked, id=19459, stack(0x0000700000fca000,0x00007000010ca000)]
  0x00007fd0118a0000 JavaThread "C1 CompilerThread2" daemon [_thread_blocked, id=18947, stack(0x0000700000ec7000,0x0000700000fc7000)]
=>0x00007fd01189f800 JavaThread "C2 CompilerThread1" daemon [_thread_in_native, id=18435, stack(0x0000700000dc4000,0x0000700000ec4000)]
  0x00007fd011021000 JavaThread "C2 CompilerThread0" daemon [_thread_blocked, id=17923, stack(0x0000700000cc1000,0x0000700000dc1000)]
  0x00007fd01189c800 JavaThread "Monitor Ctrl-Break" daemon [_thread_in_native, id=17411, stack(0x0000700000bbe000,0x0000700000cbe000)]
  0x00007fd01184a800 JavaThread "Signal Dispatcher" daemon [_thread_blocked, id=16659, stack(0x0000700000abb000,0x0000700000bbb000)]
  0x00007fd011846800 JavaThread "Finalizer" daemon [_thread_blocked, id=11779, stack(0x000070000082f000,0x000070000092f000)]
  0x00007fd011016000 JavaThread "Reference Handler" daemon [_thread_blocked, id=11267, stack(0x000070000072c000,0x000070000082c000)]

Other Threads:
  0x00007fd011011800 VMThread [stack: 0x0000700000629000,0x0000700000729000] [id=10755]
  0x00007fd0118eb800 WatcherThread [stack: 0x00007000010cd000,0x00007000011cd000] [id=19971]

VM state:not at safepoint (normal execution)

VM Mutex/Monitor currently owned by a thread: None

Heap:
 PSYoungGen      total 71680K, used 45012K [0x0000000795580000, 0x000000079a080000, 0x00000007c0000000)
  eden space 66560K, 62% used [0x0000000795580000,0x0000000797de1018,0x0000000799680000)
  from space 5120K, 71% used [0x0000000799b80000,0x0000000799f14010,0x000000079a080000)
  to   space 5120K, 0% used [0x0000000799680000,0x0000000799680000,0x0000000799b80000)
 ParOldGen       total 87552K, used 16K [0x0000000740000000, 0x0000000745580000, 0x0000000795580000)
  object space 87552K, 0% used [0x0000000740000000,0x0000000740004000,0x0000000745580000)
 Metaspace       used 12790K, capacity 12984K, committed 13184K, reserved 1060864K
  class space    used 1548K, capacity 1612K, committed 1664K, reserved 1048576K

Card table byte_map: [0x000000011cc00000,0x000000011d001000] byte_map_base: 0x0000000119200000

Marking Bits: (ParMarkBitMap*) 0x000000010c8ccd20
 Begin Bits: [0x000000011d2ac000, 0x000000011f2ac000)
 End Bits:   [0x000000011f2ac000, 0x00000001212ac000)

Polling page: 0x000000010cfc1000

CodeCache: size=245760Kb used=6551Kb max_used=6563Kb free=239208Kb
 bounds [0x000000010d029000, 0x000000010d699000, 0x000000011c029000]
 total_blobs=2632 nmethods=2103 adapters=441
 compilation: enabled

Compilation events (10 events):
Event: 54.939 Thread 0x00007fd01189f800 nmethod 2112 0x000000010d692850 code [0x000000010d6929a0, 0x000000010d692a38]
Event: 54.939 Thread 0x00007fd0118a0000 nmethod 2113 0x000000010d691f10 code [0x000000010d6920a0, 0x000000010d692648]
Event: 54.941 Thread 0x00007fd0118a0000 2114       3       com.apple.laf.AquaScrollBarUI::isHorizontal (16 bytes)
Event: 54.941 Thread 0x00007fd0118a0000 nmethod 2114 0x000000010d691a90 code [0x000000010d691c00, 0x000000010d691e50]
Event: 54.944 Thread 0x00007fd011021000 2115   !   4       sun.font.CStrike::getGlyphImagePtrs (339 bytes)
Event: 54.945 Thread 0x00007fd0118a0000 2116       3       javax.swing.JViewport::getViewLocation (24 bytes)
Event: 54.946 Thread 0x00007fd0118a0000 nmethod 2116 0x000000010d690e10 code [0x000000010d690fe0, 0x000000010d6917a8]
Event: 54.951 Thread 0x00007fd01189f800 2117  s    4       sun.font.CCharToGlyphMapper$Cache::get (374 bytes)
Event: 54.954 Thread 0x00007fd011021000 nmethod 2115 0x000000010d690190 code [0x000000010d690300, 0x000000010d690a18]
Event: 54.954 Thread 0x00007fd011021000 2118  s    4       sun.font.CCharToGlyphMapper::charsToGlyphsNS (244 bytes)

GC Heap History (4 events):
Event: 1.281 GC heap before
{Heap before GC invocations=1 (full 0):
 PSYoungGen      total 38400K, used 33280K [0x0000000795580000, 0x0000000798000000, 0x00000007c0000000)
  eden space 33280K, 100% used [0x0000000795580000,0x0000000797600000,0x0000000797600000)
  from space 5120K, 0% used [0x0000000797b00000,0x0000000797b00000,0x0000000798000000)
  to   space 5120K, 0% used [0x0000000797600000,0x0000000797600000,0x0000000797b00000)
 ParOldGen       total 87552K, used 0K [0x0000000740000000, 0x0000000745580000, 0x0000000795580000)
  object space 87552K, 0% used [0x0000000740000000,0x0000000740000000,0x0000000745580000)
 Metaspace       used 3950K, capacity 4892K, committed 5120K, reserved 1056768K
  class space    used 434K, capacity 460K, committed 512K, reserved 1048576K
Event: 1.295 GC heap after
Heap after GC invocations=1 (full 0):
 PSYoungGen      total 38400K, used 2128K [0x0000000795580000, 0x000000079a080000, 0x00000007c0000000)
  eden space 33280K, 0% used [0x0000000795580000,0x0000000795580000,0x0000000797600000)
  from space 5120K, 41% used [0x0000000797600000,0x0000000797814010,0x0000000797b00000)
  to   space 5120K, 0% used [0x0000000799b80000,0x0000000799b80000,0x000000079a080000)
 ParOldGen       total 87552K, used 8K [0x0000000740000000, 0x0000000745580000, 0x0000000795580000)
  object space 87552K, 0% used [0x0000000740000000,0x0000000740002000,0x0000000745580000)
 Metaspace       used 3950K, capacity 4892K, committed 5120K, reserved 1056768K
  class space    used 434K, capacity 460K, committed 512K, reserved 1048576K
}
Event: 1.861 GC heap before
{Heap before GC invocations=2 (full 0):
 PSYoungGen      total 38400K, used 35408K [0x0000000795580000, 0x000000079a080000, 0x00000007c0000000)
  eden space 33280K, 100% used [0x0000000795580000,0x0000000797600000,0x0000000797600000)
  from space 5120K, 41% used [0x0000000797600000,0x0000000797814010,0x0000000797b00000)
  to   space 5120K, 0% used [0x0000000799b80000,0x0000000799b80000,0x000000079a080000)
 ParOldGen       total 87552K, used 8K [0x0000000740000000, 0x0000000745580000, 0x0000000795580000)
  object space 87552K, 0% used [0x0000000740000000,0x0000000740002000,0x0000000745580000)
 Metaspace       used 3952K, capacity 4892K, committed 5120K, reserved 1056768K
  class space    used 434K, capacity 460K, committed 512K, reserved 1048576K
Event: 1.877 GC heap after
Heap after GC invocations=2 (full 0):
 PSYoungGen      total 71680K, used 3664K [0x0000000795580000, 0x000000079a080000, 0x00000007c0000000)
  eden space 66560K, 0% used [0x0000000795580000,0x0000000795580000,0x0000000799680000)
  from space 5120K, 71% used [0x0000000799b80000,0x0000000799f14010,0x000000079a080000)
  to   space 5120K, 0% used [0x0000000799680000,0x0000000799680000,0x0000000799b80000)
 ParOldGen       total 87552K, used 16K [0x0000000740000000, 0x0000000745580000, 0x0000000795580000)
  object space 87552K, 0% used [0x0000000740000000,0x0000000740004000,0x0000000745580000)
 Metaspace       used 3952K, capacity 4892K, committed 5120K, reserved 1056768K
  class space    used 434K, capacity 460K, committed 512K, reserved 1048576K
}

Deoptimization events (10 events):
Event: 2.952 Thread 0x00007fd012008000 Uncommon trap: reason=bimorphic action=maybe_recompile pc=0x000000010d1a82e0 method=java.util.HashMap.getNode(ILjava/lang/Object;)Ljava/util/HashMap$Node; @ 126
Event: 4.686 Thread 0x00007fd012008000 Uncommon trap: reason=class_check action=maybe_recompile pc=0x000000010d1be6d8 method=java.lang.String.equals(Ljava/lang/Object;)Z @ 8
Event: 4.687 Thread 0x00007fd012008000 Uncommon trap: reason=class_check action=maybe_recompile pc=0x000000010d1be6d8 method=java.lang.String.equals(Ljava/lang/Object;)Z @ 8
Event: 4.687 Thread 0x00007fd012008000 Uncommon trap: reason=class_check action=maybe_recompile pc=0x000000010d1be6d8 method=java.lang.String.equals(Ljava/lang/Object;)Z @ 8
Event: 4.687 Thread 0x00007fd012008000 Uncommon trap: reason=class_check action=maybe_recompile pc=0x000000010d1be6d8 method=java.lang.String.equals(Ljava/lang/Object;)Z @ 8
Event: 5.853 Thread 0x00007fd011396000 Uncommon trap: reason=unstable_if action=reinterpret pc=0x000000010d33528c method=javax.swing.DefaultListCellRenderer.firePropertyChange(Ljava/lang/String;Ljava/lang/Object;Ljava/lang/Object;)V @ 20
Event: 7.249 Thread 0x00007fd011396000 Uncommon trap: reason=unstable_if action=reinterpret pc=0x000000010d1e6384 method=java.util.HashMap$HashIterator.<init>(Ljava/util/HashMap;)V @ 38
Event: 7.249 Thread 0x00007fd011396000 Uncommon trap: reason=unstable_if action=reinterpret pc=0x000000010d1e31d8 method=java.util.ArrayList.<init>(Ljava/util/Collection;)V @ 24
Event: 15.672 Thread 0x00007fd011396000 Uncommon trap: reason=unstable_if action=reinterpret pc=0x000000010d35d8ec method=java.util.HashMap.getNode(ILjava/lang/Object;)Ljava/util/HashMap$Node; @ 62
Event: 18.120 Thread 0x00007fd011396000 Uncommon trap: reason=unstable_if action=reinterpret pc=0x000000010d4a8ba8 method=javax.swing.plaf.basic.BasicListUI.getCellBounds(Ljavax/swing/JList;I)Ljava/awt/Rectangle; @ 19

Internal exceptions (10 events):
Event: 1.996 Thread 0x00007fd012008000 Exception <a 'java/security/PrivilegedActionException'> (0x0000000795838538) thrown at [/Users/java_re/workspace/8-2-build-macosx-x86_64/jdk8u111/7883/hotspot/src/share/vm/prims/jvm.cpp, line 1386]
Event: 2.092 Thread 0x00007fd012008000 Implicit null exception at 0x000000010d1cde06 to 0x000000010d1ce051
Event: 2.285 Thread 0x00007fd012008000 Exception <a 'java/lang/NoSuchFieldError': method resolution failed> (0x0000000795a10700) thrown at [/Users/java_re/workspace/8-2-build-macosx-x86_64/jdk8u111/7883/hotspot/src/share/vm/prims/methodHandles.cpp, line 1146]
Event: 2.290 Thread 0x00007fd012008000 Exception <a 'java/lang/NoSuchFieldError': method resolution failed> (0x0000000795a1e690) thrown at [/Users/java_re/workspace/8-2-build-macosx-x86_64/jdk8u111/7883/hotspot/src/share/vm/prims/methodHandles.cpp, line 1146]
Event: 2.568 Thread 0x00007fd012008000 Exception <a 'java/io/FileNotFoundException'> (0x0000000795abeae8) thrown at [/Users/java_re/workspace/8-2-build-macosx-x86_64/jdk8u111/7883/hotspot/src/share/vm/prims/jni.cpp, line 709]
Event: 2.569 Thread 0x00007fd012008000 Exception <a 'java/io/FileNotFoundException'> (0x0000000795abf618) thrown at [/Users/java_re/workspace/8-2-build-macosx-x86_64/jdk8u111/7883/hotspot/src/share/vm/prims/jni.cpp, line 709]
Event: 2.899 Thread 0x00007fd012008000 Implicit null exception at 0x000000010d1cbf15 to 0x000000010d1cc5cd
Event: 2.899 Thread 0x00007fd012008000 Implicit null exception at 0x000000010d2ccbba to 0x000000010d2cd3e5
Event: 2.904 Thread 0x00007fd012008000 Implicit null exception at 0x000000010d21c16f to 0x000000010d21c21d
Event: 7.249 Thread 0x00007fd011396000 Implicit null exception at 0x000000010d1e5f81 to 0x000000010d1e6365

Events (10 events):
Event: 18.120 Thread 0x00007fd011396000 DEOPT PACKING pc=0x000000010d4a8ba8 sp=0x00007000016dbdb0
Event: 18.120 Thread 0x00007fd011396000 DEOPT UNPACKING pc=0x000000010d02e229 sp=0x00007000016dbd38 mode 2
Event: 40.001 Thread 0x00007fd011396000 DEOPT PACKING pc=0x000000010d5f91e6 sp=0x00007000016dc1c0
Event: 40.001 Thread 0x00007fd011396000 DEOPT UNPACKING pc=0x000000010d070633 sp=0x00007000016dbf38 mode 0
Event: 45.664 Thread 0x00007fd011396000 DEOPT PACKING pc=0x000000010d5f91e6 sp=0x00007000016dc000
Event: 45.664 Thread 0x00007fd011396000 DEOPT UNPACKING pc=0x000000010d070633 sp=0x00007000016dbd78 mode 0
Event: 50.756 Thread 0x00007fd011396000 DEOPT PACKING pc=0x000000010d5f91e6 sp=0x00007000016dbfd0
Event: 50.756 Thread 0x00007fd011396000 DEOPT UNPACKING pc=0x000000010d070633 sp=0x00007000016dbd48 mode 0
Event: 54.938 Thread 0x00007fd011396000 DEOPT PACKING pc=0x000000010d5f91e6 sp=0x00007000016dbfd0
Event: 54.938 Thread 0x00007fd011396000 DEOPT UNPACKING pc=0x000000010d070633 sp=0x00007000016dbd48 mode 0


Dynamic libraries:
0x00000000099e7000 	/System/Library/Frameworks/Cocoa.framework/Versions/A/Cocoa
0x00000000099e7000 	/System/Library/Frameworks/Security.framework/Versions/A/Security
0x00000000099e7000 	/System/Library/Frameworks/ApplicationServices.framework/Versions/A/ApplicationServices
0x00000000099e7000 	/usr/lib/libz.1.dylib
0x00000000099e7000 	/usr/lib/libSystem.B.dylib
0x00000000099e7000 	/usr/lib/libobjc.A.dylib
0x00000000099e7000 	/System/Library/Frameworks/CoreFoundation.framework/Versions/A/CoreFoundation
0x00000000099e7000 	/System/Library/Frameworks/Foundation.framework/Versions/C/Foundation
0x00000000099e7000 	/System/Library/Frameworks/AppKit.framework/Versions/C/AppKit
0x00000000099e7000 	/System/Library/Frameworks/CoreData.framework/Versions/A/CoreData
0x00000000099e7000 	/System/Library/PrivateFrameworks/RemoteViewServices.framework/Versions/A/RemoteViewServices
0x00000000099e7000 	/System/Library/PrivateFrameworks/UIFoundation.framework/Versions/A/UIFoundation
0x00000000099e7000 	/usr/lib/libScreenReader.dylib
0x00000000099e7000 	/System/Library/Frameworks/Accelerate.framework/Versions/A/Accelerate
0x00000000099e7000 	/System/Library/Frameworks/IOSurface.framework/Versions/A/IOSurface
0x00000000099e7000 	/System/Library/Frameworks/AudioToolbox.framework/Versions/A/AudioToolbox
0x00000000099e7000 	/System/Library/Frameworks/AudioUnit.framework/Versions/A/AudioUnit
0x00000000099e7000 	/System/Library/PrivateFrameworks/DataDetectorsCore.framework/Versions/A/DataDetectorsCore
0x00000000099e7000 	/System/Library/PrivateFrameworks/DesktopServicesPriv.framework/Versions/A/DesktopServicesPriv
0x00000000099e7000 	/System/Library/Frameworks/Carbon.framework/Versions/A/Frameworks/HIToolbox.framework/Versions/A/HIToolbox
0x00000000099e7000 	/System/Library/Frameworks/QuartzCore.framework/Versions/A/QuartzCore
0x00000000099e7000 	/System/Library/Frameworks/Carbon.framework/Versions/A/Frameworks/SpeechRecognition.framework/Versions/A/SpeechRecognition
0x00000000099e7000 	/usr/lib/libauto.dylib
0x00000000099e7000 	/usr/lib/libicucore.A.dylib
0x00000000099e7000 	/usr/lib/libxml2.2.dylib
0x00000000099e7000 	/System/Library/PrivateFrameworks/CoreUI.framework/Versions/A/CoreUI
0x00000000099e7000 	/System/Library/Frameworks/CoreAudio.framework/Versions/A/CoreAudio
0x00000000099e7000 	/System/Library/Frameworks/DiskArbitration.framework/Versions/A/DiskArbitration
0x00000000099e7000 	/usr/lib/liblangid.dylib
0x00000000099e7000 	/System/Library/PrivateFrameworks/MultitouchSupport.framework/Versions/A/MultitouchSupport
0x00000000099e7000 	/System/Library/Frameworks/IOKit.framework/Versions/A/IOKit
0x00000000099e7000 	/usr/lib/libDiagnosticMessagesClient.dylib
0x00000000099e7000 	/System/Library/Frameworks/CoreServices.framework/Versions/A/CoreServices
0x00000000099e7000 	/System/Library/PrivateFrameworks/PerformanceAnalysis.framework/Versions/A/PerformanceAnalysis
0x00000000099e7000 	/System/Library/PrivateFrameworks/GenerationalStorage.framework/Versions/A/GenerationalStorage
0x00000000099e7000 	/System/Library/Frameworks/OpenGL.framework/Versions/A/OpenGL
0x00000000099e7000 	/System/Library/PrivateFrameworks/Sharing.framework/Versions/A/Sharing
0x00000000099e7000 	/System/Library/Frameworks/CoreGraphics.framework/Versions/A/CoreGraphics
0x00000000099e7000 	/System/Library/Frameworks/CoreImage.framework/Versions/A/CoreImage
0x00000000099e7000 	/System/Library/Frameworks/CoreText.framework/Versions/A/CoreText
0x00000000099e7000 	/System/Library/Frameworks/ImageIO.framework/Versions/A/ImageIO
0x00000000099e7000 	/System/Library/PrivateFrameworks/Backup.framework/Versions/A/Backup
0x00000000099e7000 	/usr/lib/libextension.dylib
0x00000000099e7000 	/usr/lib/libarchive.2.dylib
0x00000000099e7000 	/System/Library/Frameworks/CFNetwork.framework/Versions/A/CFNetwork
0x00000000099e7000 	/System/Library/Frameworks/SystemConfiguration.framework/Versions/A/SystemConfiguration
0x00000000099e7000 	/usr/lib/libCRFSuite.dylib
0x00000000099e7000 	/usr/lib/libc++.1.dylib
0x00000000099e7000 	/usr/lib/libc++abi.dylib
0x00000000099e7000 	/usr/lib/system/libcache.dylib
0x00000000099e7000 	/usr/lib/system/libcommonCrypto.dylib
0x00000000099e7000 	/usr/lib/system/libcompiler_rt.dylib
0x00000000099e7000 	/usr/lib/system/libcopyfile.dylib
0x00000000099e7000 	/usr/lib/system/libcorecrypto.dylib
0x00000000099e7000 	/usr/lib/system/libdispatch.dylib
0x00000000099e7000 	/usr/lib/system/libdyld.dylib
0x00000000099e7000 	/usr/lib/system/libkeymgr.dylib
0x00000000099e7000 	/usr/lib/system/liblaunch.dylib
0x00000000099e7000 	/usr/lib/system/libmacho.dylib
0x00000000099e7000 	/usr/lib/system/libquarantine.dylib
0x00000000099e7000 	/usr/lib/system/libremovefile.dylib
0x00000000099e7000 	/usr/lib/system/libsystem_asl.dylib
0x00000000099e7000 	/usr/lib/system/libsystem_blocks.dylib
0x00000000099e7000 	/usr/lib/system/libsystem_c.dylib
0x00000000099e7000 	/usr/lib/system/libsystem_configuration.dylib
0x00000000099e7000 	/usr/lib/system/libsystem_coreservices.dylib
0x00000000099e7000 	/usr/lib/system/libsystem_coretls.dylib
0x00000000099e7000 	/usr/lib/system/libsystem_dnssd.dylib
0x00000000099e7000 	/usr/lib/system/libsystem_info.dylib
0x00000000099e7000 	/usr/lib/system/libsystem_kernel.dylib
0x00000000099e7000 	/usr/lib/system/libsystem_m.dylib
0x00000000099e7000 	/usr/lib/system/libsystem_malloc.dylib
0x00000000099e7000 	/usr/lib/system/libsystem_network.dylib
0x00000000099e7000 	/usr/lib/system/libsystem_networkextension.dylib
0x00000000099e7000 	/usr/lib/system/libsystem_notify.dylib
0x00000000099e7000 	/usr/lib/system/libsystem_platform.dylib
0x00000000099e7000 	/usr/lib/system/libsystem_pthread.dylib
0x00000000099e7000 	/usr/lib/system/libsystem_sandbox.dylib
0x00000000099e7000 	/usr/lib/system/libsystem_secinit.dylib
0x00000000099e7000 	/usr/lib/system/libsystem_trace.dylib
0x00000000099e7000 	/usr/lib/system/libunc.dylib
0x00000000099e7000 	/usr/lib/system/libunwind.dylib
0x00000000099e7000 	/usr/lib/system/libxpc.dylib
0x00000000099e7000 	/usr/lib/libenergytrace.dylib
0x00000000099e7000 	/usr/lib/libbsm.0.dylib
0x00000000099e7000 	/usr/lib/system/libkxld.dylib
0x00000000099e7000 	/usr/lib/libxar.1.dylib
0x00000000099e7000 	/usr/lib/libsqlite3.dylib
0x00000000099e7000 	/usr/lib/libpam.2.dylib
0x00000000099e7000 	/usr/lib/libOpenScriptingUtil.dylib
0x00000000099e7000 	/usr/lib/libbz2.1.0.dylib
0x00000000099e7000 	/usr/lib/liblzma.5.dylib
0x00000000099e7000 	/System/Library/Frameworks/CoreServices.framework/Versions/A/Frameworks/FSEvents.framework/Versions/A/FSEvents
0x00000000099e7000 	/System/Library/Frameworks/CoreServices.framework/Versions/A/Frameworks/CarbonCore.framework/Versions/A/CarbonCore
0x00000000099e7000 	/System/Library/Frameworks/CoreServices.framework/Versions/A/Frameworks/Metadata.framework/Versions/A/Metadata
0x00000000099e7000 	/System/Library/Frameworks/CoreServices.framework/Versions/A/Frameworks/OSServices.framework/Versions/A/OSServices
0x00000000099e7000 	/System/Library/Frameworks/CoreServices.framework/Versions/A/Frameworks/SearchKit.framework/Versions/A/SearchKit
0x00000000099e7000 	/System/Library/Frameworks/CoreServices.framework/Versions/A/Frameworks/AE.framework/Versions/A/AE
0x00000000099e7000 	/System/Library/Frameworks/CoreServices.framework/Versions/A/Frameworks/LaunchServices.framework/Versions/A/LaunchServices
0x00000000099e7000 	/System/Library/Frameworks/CoreServices.framework/Versions/A/Frameworks/DictionaryServices.framework/Versions/A/DictionaryServices
0x00000000099e7000 	/System/Library/Frameworks/CoreServices.framework/Versions/A/Frameworks/SharedFileList.framework/Versions/A/SharedFileList
0x00000000099e7000 	/System/Library/Frameworks/NetFS.framework/Versions/A/NetFS
0x00000000099e7000 	/System/Library/PrivateFrameworks/NetAuth.framework/Versions/A/NetAuth
0x00000000099e7000 	/System/Library/PrivateFrameworks/login.framework/Versions/A/Frameworks/loginsupport.framework/Versions/A/loginsupport
0x00000000099e7000 	/System/Library/PrivateFrameworks/TCC.framework/Versions/A/TCC
0x00000000099e7000 	/usr/lib/libmecabra.dylib
0x00000000099e7000 	/System/Library/Frameworks/ApplicationServices.framework/Versions/A/Frameworks/ATS.framework/Versions/A/ATS
0x00000000099e7000 	/System/Library/Frameworks/ApplicationServices.framework/Versions/A/Frameworks/ColorSync.framework/Versions/A/ColorSync
0x00000000099e7000 	/System/Library/Frameworks/ApplicationServices.framework/Versions/A/Frameworks/HIServices.framework/Versions/A/HIServices
0x00000000099e7000 	/System/Library/Frameworks/ApplicationServices.framework/Versions/A/Frameworks/LangAnalysis.framework/Versions/A/LangAnalysis
0x00000000099e7000 	/System/Library/Frameworks/ApplicationServices.framework/Versions/A/Frameworks/PrintCore.framework/Versions/A/PrintCore
0x00000000099e7000 	/System/Library/Frameworks/ApplicationServices.framework/Versions/A/Frameworks/QD.framework/Versions/A/QD
0x00000000099e7000 	/System/Library/Frameworks/ApplicationServices.framework/Versions/A/Frameworks/SpeechSynthesis.framework/Versions/A/SpeechSynthesis
0x00000000099e7000 	/System/Library/Frameworks/Metal.framework/Versions/A/Metal
0x00000000099e7000 	/System/Library/Frameworks/Accelerate.framework/Versions/A/Frameworks/vImage.framework/Versions/A/vImage
0x00000000099e7000 	/System/Library/Frameworks/Accelerate.framework/Versions/A/Frameworks/vecLib.framework/Versions/A/vecLib
0x00000000099e7000 	/System/Library/Frameworks/Accelerate.framework/Versions/A/Frameworks/vecLib.framework/Versions/A/libvDSP.dylib
0x00000000099e7000 	/System/Library/Frameworks/Accelerate.framework/Versions/A/Frameworks/vecLib.framework/Versions/A/libvMisc.dylib
0x00000000099e7000 	/System/Library/Frameworks/Accelerate.framework/Versions/A/Frameworks/vecLib.framework/Versions/A/libLAPACK.dylib
0x00000000099e7000 	/System/Library/Frameworks/Accelerate.framework/Versions/A/Frameworks/vecLib.framework/Versions/A/libBLAS.dylib
0x00000000099e7000 	/System/Library/Frameworks/Accelerate.framework/Versions/A/Frameworks/vecLib.framework/Versions/A/libLinearAlgebra.dylib
0x00000000099e7000 	/System/Library/Frameworks/Accelerate.framework/Versions/A/Frameworks/vecLib.framework/Versions/A/libSparseBLAS.dylib
0x00000000099e7000 	/System/Library/PrivateFrameworks/GPUCompiler.framework/libmetal_timestamp.dylib
0x00000000099e7000 	/System/Library/Frameworks/OpenGL.framework/Versions/A/Libraries/libCoreFSCache.dylib
0x00000000099e7000 	/System/Library/PrivateFrameworks/IOAccelerator.framework/Versions/A/IOAccelerator
0x00000000099e7000 	/System/Library/Frameworks/ApplicationServices.framework/Versions/A/Frameworks/ATS.framework/Versions/A/Resources/libFontParser.dylib
0x00000000099e7000 	/System/Library/Frameworks/ApplicationServices.framework/Versions/A/Frameworks/ATS.framework/Versions/A/Resources/libFontRegistry.dylib
0x00000000099e7000 	/System/Library/PrivateFrameworks/AppleVPA.framework/Versions/A/AppleVPA
0x00000000099e7000 	/System/Library/PrivateFrameworks/AppleJPEG.framework/Versions/A/AppleJPEG
0x00000000099e7000 	/System/Library/Frameworks/ImageIO.framework/Versions/A/Resources/libJPEG.dylib
0x00000000099e7000 	/System/Library/Frameworks/ImageIO.framework/Versions/A/Resources/libTIFF.dylib
0x00000000099e7000 	/System/Library/Frameworks/ImageIO.framework/Versions/A/Resources/libPng.dylib
0x00000000099e7000 	/System/Library/Frameworks/ImageIO.framework/Versions/A/Resources/libGIF.dylib
0x00000000099e7000 	/System/Library/Frameworks/ImageIO.framework/Versions/A/Resources/libJP2.dylib
0x00000000099e7000 	/System/Library/Frameworks/ImageIO.framework/Versions/A/Resources/libRadiance.dylib
0x00000000099e7000 	/System/Library/Frameworks/CoreVideo.framework/Versions/A/CoreVideo
0x00000000099e7000 	/System/Library/Frameworks/OpenGL.framework/Versions/A/Libraries/libGLU.dylib
0x00000000099e7000 	/System/Library/Frameworks/OpenGL.framework/Versions/A/Libraries/libGFXShared.dylib
0x00000000099e7000 	/System/Library/Frameworks/OpenGL.framework/Versions/A/Libraries/libGL.dylib
0x00000000099e7000 	/System/Library/Frameworks/OpenGL.framework/Versions/A/Libraries/libGLImage.dylib
0x00000000099e7000 	/System/Library/Frameworks/OpenGL.framework/Versions/A/Libraries/libCVMSPluginSupport.dylib
0x00000000099e7000 	/System/Library/Frameworks/OpenGL.framework/Versions/A/Libraries/libCoreVMClient.dylib
0x00000000099e7000 	/usr/lib/libcompression.dylib
0x00000000099e7000 	/usr/lib/libcups.2.dylib
0x00000000099e7000 	/System/Library/Frameworks/Kerberos.framework/Versions/A/Kerberos
0x00000000099e7000 	/System/Library/Frameworks/GSS.framework/Versions/A/GSS
0x00000000099e7000 	/usr/lib/libresolv.9.dylib
0x00000000099e7000 	/usr/lib/libiconv.2.dylib
0x00000000099e7000 	/System/Library/PrivateFrameworks/Heimdal.framework/Versions/A/Heimdal
0x00000000099e7000 	/usr/lib/libheimdal-asn1.dylib
0x00000000099e7000 	/System/Library/Frameworks/OpenDirectory.framework/Versions/A/OpenDirectory
0x00000000099e7000 	/System/Library/PrivateFrameworks/CommonAuth.framework/Versions/A/CommonAuth
0x00000000099e7000 	/System/Library/Frameworks/OpenDirectory.framework/Versions/A/Frameworks/CFOpenDirectory.framework/Versions/A/CFOpenDirectory
0x00000000099e7000 	/System/Library/Frameworks/SecurityFoundation.framework/Versions/A/SecurityFoundation
0x00000000099e7000 	/System/Library/PrivateFrameworks/LanguageModeling.framework/Versions/A/LanguageModeling
0x00000000099e7000 	/usr/lib/libmarisa.dylib
0x00000000099e7000 	/usr/lib/libChineseTokenizer.dylib
0x00000000099e7000 	/usr/lib/libcmph.dylib
0x00000000099e7000 	/System/Library/Frameworks/ServiceManagement.framework/Versions/A/ServiceManagement
0x00000000099e7000 	/usr/lib/libxslt.1.dylib
0x00000000099e7000 	/System/Library/Frameworks/Carbon.framework/Versions/A/Frameworks/Ink.framework/Versions/A/Ink
0x00000000099e7000 	/usr/lib/libFosl_dynamic.dylib
0x00000000099e7000 	/System/Library/PrivateFrameworks/FaceCore.framework/Versions/A/FaceCore
0x00000000099e7000 	/System/Library/Frameworks/OpenCL.framework/Versions/A/OpenCL
0x00000000099e7000 	/System/Library/PrivateFrameworks/CrashReporterSupport.framework/Versions/A/CrashReporterSupport
0x00000000099e7000 	/System/Library/PrivateFrameworks/IconServices.framework/Versions/A/IconServices
0x00000000099e7000 	/System/Library/PrivateFrameworks/Apple80211.framework/Versions/A/Apple80211
0x00000000099e7000 	/System/Library/Frameworks/CoreWLAN.framework/Versions/A/CoreWLAN
0x00000000099e7000 	/System/Library/Frameworks/IOBluetooth.framework/Versions/A/IOBluetooth
0x00000000099e7000 	/System/Library/PrivateFrameworks/CoreWiFi.framework/Versions/A/CoreWiFi
0x00000000099e7000 	/System/Library/Frameworks/CoreBluetooth.framework/Versions/A/CoreBluetooth
0x00000000099e7000 	/System/Library/PrivateFrameworks/ChunkingLibrary.framework/Versions/A/ChunkingLibrary
0x00000000099e7000 	/System/Library/PrivateFrameworks/DebugSymbols.framework/Versions/A/DebugSymbols
0x00000000099e7000 	/System/Library/PrivateFrameworks/CoreSymbolication.framework/Versions/A/CoreSymbolication
0x00000000099e7000 	/System/Library/PrivateFrameworks/Symbolication.framework/Versions/A/Symbolication
0x00000000099e7000 	/System/Library/PrivateFrameworks/SpeechRecognitionCore.framework/Versions/A/SpeechRecognitionCore
0x000000010bfdd000 	/Library/Java/JavaVirtualMachines/jdk1.8.0_111.jdk/Contents/Home/jre/lib/server/libjvm.dylib
0x00000000099e7000 	/usr/lib/libstdc++.6.dylib
0x000000010cf7e000 	/Library/Java/JavaVirtualMachines/jdk1.8.0_111.jdk/Contents/Home/jre/lib/libverify.dylib
0x000000010cf8c000 	/Library/Java/JavaVirtualMachines/jdk1.8.0_111.jdk/Contents/Home/jre/lib/libjava.dylib
0x000000010cfc2000 	/Library/Java/JavaVirtualMachines/jdk1.8.0_111.jdk/Contents/Home/jre/lib/libinstrument.dylib
0x000000010d020000 	/Library/Java/JavaVirtualMachines/jdk1.8.0_111.jdk/Contents/Home/jre/lib/libzip.dylib
0x000000012317b000 	/System/Library/Frameworks/JavaVM.framework/Frameworks/JavaRuntimeSupport.framework/JavaRuntimeSupport
0x0000000123196000 	/System/Library/Frameworks/JavaVM.framework/Versions/A/Frameworks/JavaNativeFoundation.framework/Versions/A/JavaNativeFoundation
0x000000011c3ed000 	/System/Library/Frameworks/JavaVM.framework/Versions/A/JavaVM
0x00000000099e7000 	/System/Library/Frameworks/Carbon.framework/Versions/A/Carbon
0x00000001231ab000 	/System/Library/PrivateFrameworks/JavaLaunching.framework/Versions/A/JavaLaunching
0x00000000099e7000 	/System/Library/Frameworks/Carbon.framework/Versions/A/Frameworks/CommonPanels.framework/Versions/A/CommonPanels
0x00000000099e7000 	/System/Library/Frameworks/Carbon.framework/Versions/A/Frameworks/Help.framework/Versions/A/Help
0x00000000099e7000 	/System/Library/Frameworks/Carbon.framework/Versions/A/Frameworks/ImageCapture.framework/Versions/A/ImageCapture
0x00000000099e7000 	/System/Library/Frameworks/Carbon.framework/Versions/A/Frameworks/OpenScripting.framework/Versions/A/OpenScripting
0x00000000099e7000 	/System/Library/Frameworks/Carbon.framework/Versions/A/Frameworks/Print.framework/Versions/A/Print
0x00000000099e7000 	/System/Library/Frameworks/Carbon.framework/Versions/A/Frameworks/SecurityHI.framework/Versions/A/SecurityHI
0x0000000124cc6000 	/Library/Java/JavaVirtualMachines/jdk1.8.0_111.jdk/Contents/Home/jre/lib/libnet.dylib
0x00000001251fc000 	/Library/Java/JavaVirtualMachines/jdk1.8.0_111.jdk/Contents/Home/jre/lib/libawt.dylib
0x0000000125301000 	/Library/Java/JavaVirtualMachines/jdk1.8.0_111.jdk/Contents/Home/jre/lib/./libmlib_image.dylib
0x0000000125418000 	/Library/Java/JavaVirtualMachines/jdk1.8.0_111.jdk/Contents/Home/jre/lib/libawt_lwawt.dylib
0x0000000124f54000 	/Library/Java/JavaVirtualMachines/jdk1.8.0_111.jdk/Contents/Home/jre/lib/./libosxapp.dylib
0x00000000099e7000 	/System/Library/Frameworks/ExceptionHandling.framework/Versions/A/ExceptionHandling
0x00000000099e7000 	/System/Library/PrivateFrameworks/CoreServicesInternal.framework/Versions/A/CoreServicesInternal
0x00000000099e7000 	/System/Library/Frameworks/CoreGraphics.framework/Versions/A/Resources/libRIP.A.dylib
0x00000000099e7000 	/System/Library/Frameworks/Accelerate.framework/Versions/A/Frameworks/vImage.framework/Versions/A/Libraries/libCGInterfaces.dylib
0x00000000099e7000 	/System/Library/Frameworks/CoreGraphics.framework/Versions/A/Resources/libCGXType.A.dylib
0x00000000099e7000 	/System/Library/Frameworks/OpenCL.framework/Versions/A/Libraries/libcldcpuengine.dylib
0x00000000099e7000 	/System/Library/PrivateFrameworks/DiskImages.framework/Versions/A/DiskImages
0x00000000099e7000 	/System/Library/Frameworks/DiscRecording.framework/Versions/A/DiscRecording
0x00000000099e7000 	/usr/lib/libcsfde.dylib
0x00000000099e7000 	/usr/lib/libcurl.4.dylib
0x00000000099e7000 	/System/Library/PrivateFrameworks/MediaKit.framework/Versions/A/MediaKit
0x00000000099e7000 	/System/Library/PrivateFrameworks/ProtectedCloudStorage.framework/Versions/A/ProtectedCloudStorage
0x00000000099e7000 	/usr/lib/libCoreStorage.dylib
0x00000000099e7000 	/System/Library/PrivateFrameworks/EFILogin.framework/Versions/A/EFILogin
0x00000000099e7000 	/usr/lib/libutil.dylib
0x00000000099e7000 	/System/Library/PrivateFrameworks/FindMyDevice.framework/Versions/A/FindMyDevice
0x00000000099e7000 	/System/Library/Frameworks/LDAP.framework/Versions/A/LDAP
0x00000000099e7000 	/usr/lib/libsasl2.2.dylib
0x00000000099e7000 	/System/Library/PrivateFrameworks/CoreDaemon.framework/Versions/B/CoreDaemon
0x00000000099e7000 	/usr/lib/libcrypto.0.9.8.dylib
0x00000000099e7000 	/System/Library/PrivateFrameworks/AppleSRP.framework/Versions/A/AppleSRP
0x00000000099e7000 	/System/Library/PrivateFrameworks/TrustEvaluationAgent.framework/Versions/A/TrustEvaluationAgent
0x000000012767d000 	cl_kernels
0x00000000099e7000 	/System/Library/Frameworks/OpenCL.framework/Versions/A/Libraries/ImageFormats/unorm8_bgra.dylib
0x00000000099e7000 	/System/Library/Frameworks/OpenCL.framework/Versions/A/Libraries/ImageFormats/unorm8_rgba.dylib
0x00000000099e7000 	/System/Library/PrivateFrameworks/FamilyControls.framework/Versions/A/FamilyControls
0x00000000099e7000 	/System/Library/PrivateFrameworks/CommerceKit.framework/Versions/A/Frameworks/CommerceCore.framework/Versions/A/CommerceCore
0x00000000099e7000 	/System/Library/PrivateFrameworks/SystemAdministration.framework/Versions/A/SystemAdministration
0x00000000099e7000 	/System/Library/PrivateFrameworks/AppContainer.framework/Versions/A/AppContainer
0x00000000099e7000 	/System/Library/PrivateFrameworks/SecCodeWrapper.framework/Versions/A/SecCodeWrapper
0x00000000099e7000 	/System/Library/Frameworks/DirectoryService.framework/Versions/A/DirectoryService
0x00000000099e7000 	/System/Library/PrivateFrameworks/LoginUIKit.framework/Versions/A/Frameworks/LoginUICore.framework/Versions/A/LoginUICore
0x00000000099e7000 	/usr/lib/libodfde.dylib
0x0000000128716000 	/Library/Java/JavaVirtualMachines/jdk1.8.0_111.jdk/Contents/Home/jre/lib/libfontmanager.dylib
0x0000000126aa9000 	/Library/Java/JavaVirtualMachines/jdk1.8.0_111.jdk/Contents/Home/jre/lib/libosxui.dylib
0x00000000099e7000 	/System/Library/Frameworks/OpenGL.framework/Versions/A/Resources/GLEngine.bundle/GLEngine
0x00000000099e7000 	/System/Library/Frameworks/OpenGL.framework/Versions/A/Libraries/libGLProgrammability.dylib
0x0000000129342000 	/System/Library/Extensions/AppleIntelBDWGraphicsGLDriver.bundle/Contents/MacOS/AppleIntelBDWGraphicsGLDriver
0x00000000099e7000 	/System/Library/PrivateFrameworks/GPUSupport.framework/Versions/A/Libraries/libGPUSupportMercury.dylib
0x00000000099e7000 	/System/Library/Frameworks/OpenGL.framework/Versions/A/Resources/GLRendererFloat.bundle/GLRendererFloat
0x0000000124e65000 	/Library/Java/JavaVirtualMachines/jdk1.8.0_111.jdk/Contents/Home/jre/lib/libnio.dylib
0x00000000099e7000 	/System/Library/Frameworks/ApplicationServices.framework/Versions/A/Frameworks/ATS.framework/Versions/A/Resources/libTrueTypeScaler.dylib
0x0000000180782000 	/System/Library/Extensions/AppleIntelBDWGraphicsMTLDriver.bundle/Contents/MacOS/AppleIntelBDWGraphicsMTLDriver

VM Arguments:
jvm_args: -javaagent:/Applications/IntelliJ IDEA CE.app/Contents/lib/idea_rt.jar=50248:/Applications/IntelliJ IDEA CE.app/Contents/bin -Dfile.encoding=UTF-8 
java_command: rocksample.RockSample
java_class_path (initial): /Library/Java/JavaVirtualMachines/jdk1.8.0_111.jdk/Contents/Home/jre/lib/charsets.jar:/Library/Java/JavaVirtualMachines/jdk1.8.0_111.jdk/Contents/Home/jre/lib/deploy.jar:/Library/Java/JavaVirtualMachines/jdk1.8.0_111.jdk/Contents/Home/jre/lib/ext/cldrdata.jar:/Library/Java/JavaVirtualMachines/jdk1.8.0_111.jdk/Contents/Home/jre/lib/ext/dnsns.jar:/Library/Java/JavaVirtualMachines/jdk1.8.0_111.jdk/Contents/Home/jre/lib/ext/jaccess.jar:/Library/Java/JavaVirtualMachines/jdk1.8.0_111.jdk/Contents/Home/jre/lib/ext/jfxrt.jar:/Library/Java/JavaVirtualMachines/jdk1.8.0_111.jdk/Contents/Home/jre/lib/ext/localedata.jar:/Library/Java/JavaVirtualMachines/jdk1.8.0_111.jdk/Contents/Home/jre/lib/ext/nashorn.jar:/Library/Java/JavaVirtualMachines/jdk1.8.0_111.jdk/Contents/Home/jre/lib/ext/sunec.jar:/Library/Java/JavaVirtualMachines/jdk1.8.0_111.jdk/Contents/Home/jre/lib/ext/sunjce_provider.jar:/Library/Java/JavaVirtualMachines/jdk1.8.0_111.jdk/Contents/Home/jre/lib/ext/sunpkcs11.jar:/Library/Java/JavaVirtualMachines/jdk1.8.0_111.jdk/Contents/Home/jre/lib/ext/zipfs.jar:/Library/Java/JavaVirtualMachines/jdk1.8.0_111.jdk/Contents/Home/jre/lib/javaws.jar:/Library/Java/JavaVirtualMachines/jdk1.8.0_111.jdk/Contents/Home/jre/lib/jce.jar:/Library/Java/JavaVirtualMachines/jdk1.8.0_111.jdk/Contents/Home/jre/lib/jfr.jar:/Library/Java/JavaVirtualMachines/jdk1.8.0_111.jdk/Contents/Home/jre/lib/jfxswt.jar:/Library/Java/JavaVirtualMachines/jdk1.8.0_111.jdk/Contents/Home/jre/lib/jsse.jar:/Library/Java/JavaVirtualMachines/jdk1.8.0_111.jdk/Contents/Home/jre/lib/management-agent.jar:/Library/Java/JavaVirtualMachines/jdk1.8.0_111.jdk/Contents/Home/jre/lib/plugin.jar:/Library/Java/JavaVirtualMachines/jdk1.8.0_111.jdk/Contents/Home/jre/lib/resources.jar:/Library/Java/JavaVirtualMachines/jdk1.8.0_111.jdk/Contents/Home/jre/lib/rt.jar:/Library/Java/JavaVirtualMachines/jdk1.8.0_111.jdk/Contents/Home/lib/ant-javafx.jar:/Library/Java/JavaVirtualMachines/jdk1.8.0_111.jdk/Contents/Home
Launcher Type: SUN_STANDARD

Environment Variables:
PATH=/Users/Puja/anaconda/bin:/usr/local/bin:/usr/bin:/bin:/usr/sbin:/sbin:/opt/X11/bin:/Library/TeX/texbin
SHELL=/bin/bash
DISPLAY=/private/tmp/com.apple.launchd.dwlvCEMnEQ/org.macosforge.xquartz:0

Signal Handlers:
SIGSEGV: [libjvm.dylib+0x5b03ed], sa_mask[0]=11111111011111110111111111111111, sa_flags=SA_ONSTACK|SA_RESTART|SA_SIGINFO
SIGBUS: [libjvm.dylib+0x5b03ed], sa_mask[0]=11111111011111110111111111111111, sa_flags=SA_RESTART|SA_SIGINFO
SIGFPE: [libjvm.dylib+0x48711c], sa_mask[0]=11111111011111110111111111111111, sa_flags=SA_RESTART|SA_SIGINFO
SIGPIPE: [libjvm.dylib+0x48711c], sa_mask[0]=11111111011111110111111111111111, sa_flags=SA_RESTART|SA_SIGINFO
SIGXFSZ: [libjvm.dylib+0x48711c], sa_mask[0]=11111111011111110111111111111111, sa_flags=SA_RESTART|SA_SIGINFO
SIGILL: [libjvm.dylib+0x48711c], sa_mask[0]=11111111011111110111111111111111, sa_flags=SA_RESTART|SA_SIGINFO
SIGUSR1: SIG_DFL, sa_mask[0]=00000000000000000000000000000000, sa_flags=none
SIGUSR2: [libjvm.dylib+0x486c3a], sa_mask[0]=00100000000000000000000000000000, sa_flags=SA_RESTART|SA_SIGINFO
SIGHUP: [libjvm.dylib+0x485211], sa_mask[0]=11111111011111110111111111111111, sa_flags=SA_RESTART|SA_SIGINFO
SIGINT: [libjvm.dylib+0x485211], sa_mask[0]=11111111011111110111111111111111, sa_flags=SA_RESTART|SA_SIGINFO
SIGTERM: [libjvm.dylib+0x485211], sa_mask[0]=11111111011111110111111111111111, sa_flags=SA_RESTART|SA_SIGINFO
SIGQUIT: [libjvm.dylib+0x485211], sa_mask[0]=11111111011111110111111111111111, sa_flags=SA_RESTART|SA_SIGINFO


---------------  S Y S T E M  ---------------

OS:Bsduname:Darwin 15.6.0 Darwin Kernel Version 15.6.0: Sun Jun  4 21:43:07 PDT 2017; root:xnu-3248.70.3~1/RELEASE_X86_64 x86_64
rlimit: STACK 8192k, CORE 0k, NPROC 709, NOFILE 10240, AS infinity
load average:2.92 2.22 1.94

CPU:total 4 (2 cores per cpu, 2 threads per core) family 6 model 61 stepping 4, cmov, cx8, fxsr, mmx, sse, sse2, sse3, ssse3, sse4.1, sse4.2, popcnt, avx, avx2, aes, clmul, erms, 3dnowpref, lzcnt, ht, tsc, tscinvbit, bmi1, bmi2, adx

Memory: 4k page, physical 8388608k(158564k free)

/proc/meminfo:


vm_info: Java HotSpot(TM) 64-Bit Server VM (25.111-b14) for bsd-amd64 JRE (1.8.0_111-b14), built on Sep 22 2016 15:31:41 by "java_re" with gcc 4.2.1 (Based on Apple Inc. build 5658) (LLVM build 2336.11.00)

time: Thu Nov 16 16:07:07 2017
elapsed time: 54 seconds (0d 0h 0m 54s)

